2020-11-20 14:50:19.601  INFO 13272 --- [main] com.example.demo.LogTest.LogTest         : Starting LogTest on HuoLe with PID 13272 (started by HuoLe in D:\git_code\demo)
2020-11-20 14:50:19.603  INFO 13272 --- [main] com.example.demo.LogTest.LogTest         : No active profile set, falling back to default profiles: default
2020-11-20 14:50:20.686  INFO 13272 --- [main] .s.d.r.c.RepositoryConfigurationDelegate : Bootstrapping Spring Data JPA repositories in DEFERRED mode.
2020-11-20 14:50:20.788  INFO 13272 --- [main] .s.d.r.c.RepositoryConfigurationDelegate : Finished Spring Data repository scanning in 86ms. Found 1 JPA repository interfaces.
2020-11-20 14:50:21.819  INFO 13272 --- [main] o.s.s.concurrent.ThreadPoolTaskExecutor  : Initializing ExecutorService 'applicationTaskExecutor'
2020-11-20 14:50:21.930  INFO 13272 --- [task-1] o.hibernate.jpa.internal.util.LogHelper  : HHH000204: Processing PersistenceUnitInfo [name: default]
2020-11-20 14:50:22.117  INFO 13272 --- [task-1] org.hibernate.Version                    : HHH000412: Hibernate ORM core version 5.4.21.Final
2020-11-20 14:50:22.395  INFO 13272 --- [task-1] o.hibernate.annotations.common.Version   : HCANN000001: Hibernate Commons Annotations {5.1.0.Final}
2020-11-20 14:50:22.585  WARN 13272 --- [main] JpaBaseConfiguration$JpaWebConfiguration : spring.jpa.open-in-view is enabled by default. Therefore, database queries may be performed during view rendering. Explicitly configure spring.jpa.open-in-view to disable this warning
2020-11-20 14:50:23.278  INFO 13272 --- [task-1] com.zaxxer.hikari.HikariDataSource       : HikariPool-1 - Starting...
2020-11-20 14:50:24.077  INFO 13272 --- [main] DeferredRepositoryInitializationListener : Triggering deferred initialization of Spring Data repositories…
2020-11-20 14:50:24.498  INFO 13272 --- [task-1] com.zaxxer.hikari.HikariDataSource       : HikariPool-1 - Start completed.
2020-11-20 14:50:24.557  INFO 13272 --- [task-1] org.hibernate.dialect.Dialect            : HHH000400: Using dialect: org.hibernate.dialect.MySQL57Dialect
2020-11-20 14:50:25.717  INFO 13272 --- [task-1] o.h.e.t.j.p.i.JtaPlatformInitiator       : HHH000490: Using JtaPlatform implementation: [org.hibernate.engine.transaction.jta.platform.internal.NoJtaPlatform]
2020-11-20 14:50:25.730  INFO 13272 --- [task-1] j.LocalContainerEntityManagerFactoryBean : Initialized JPA EntityManagerFactory for persistence unit 'default'
2020-11-20 14:50:26.260  INFO 13272 --- [main] DeferredRepositoryInitializationListener : Spring Data repositories initialized!
2020-11-20 14:50:26.270  INFO 13272 --- [main] com.example.demo.LogTest.LogTest         : Started LogTest in 7.186 seconds (JVM running for 8.387)
2020-11-20 14:50:26.386  INFO 13272 --- [main] com.example.demo.LogTest.LogTest         : 这是slf4j下info级别日志
2020-11-20 14:50:26.386 ERROR 13272 --- [main] com.example.demo.LogTest.LogTest         : 这是slf4j下error级别日志
2020-11-20 14:50:26.386 ERROR 13272 --- [main] com.example.demo.LogTest.LogTest         : 用户名：admin，密码：123455
2020-11-20 14:50:26.402  INFO 13272 --- [SpringContextShutdownHook] j.LocalContainerEntityManagerFactoryBean : Closing JPA EntityManagerFactory for persistence unit 'default'
2020-11-20 14:50:26.405  INFO 13272 --- [SpringContextShutdownHook] o.s.s.concurrent.ThreadPoolTaskExecutor  : Shutting down ExecutorService 'applicationTaskExecutor'
2020-11-20 14:50:26.406  INFO 13272 --- [SpringContextShutdownHook] com.zaxxer.hikari.HikariDataSource       : HikariPool-1 - Shutdown initiated...
2020-11-20 14:50:26.416  INFO 13272 --- [SpringContextShutdownHook] com.zaxxer.hikari.HikariDataSource       : HikariPool-1 - Shutdown completed.
